<?xml version="1.0" encoding="UTF-8"?>
<!-- Generated by org.testng.reporters.JUnitXMLReporter -->
<testsuite ignored="1" hostname="God" failures="0" tests="2" name="UnitLevelTest" time="14.752" errors="0" timestamp="2024-08-10T17:01:12 ICT">
  <testcase classname="finaltest.Yep" name="testSearch" time="0.592"/>
  <testcase classname="finaltest.TuoiTre" name="testSearch" time="2.644"/>
  <testcase classname="finaltest.Yep" name="testCheckbox" time="0.0">
    <ignored/>
  </testcase> <!-- testCheckbox -->
</testsuite> <!-- UnitLevelTest -->
