<?xml version="1.0" encoding="UTF-8"?>
<testng-results ignored="0" total="1" passed="1" failed="0" skipped="0">
  <reporter-output>
  </reporter-output>
  <suite started-at="2024-07-13T17:14:31 ICT" name="Default suite" finished-at="2024-07-13T17:14:31 ICT" duration-ms="65">
    <groups>
    </groups>
    <test started-at="2024-07-13T17:14:31 ICT" name="Default test" finished-at="2024-07-13T17:14:31 ICT" duration-ms="65">
      <class name="lab4.lab4.ClassStudentTest">
        <test-method signature="f()[pri:0, instance:lab4.lab4.ClassStudentTest@32b260fa]" started-at="2024-07-13T17:14:31 ICT" name="f" finished-at="2024-07-13T17:14:31 ICT" duration-ms="18" status="PASS">
          <reporter-output>
          </reporter-output>
        </test-method> <!-- f -->
      </class> <!-- lab4.lab4.ClassStudentTest -->
    </test> <!-- Default test -->
  </suite> <!-- Default suite -->
</testng-results>
