<?xml version="1.0" encoding="UTF-8"?>
<testng-results ignored="0" total="1" passed="1" failed="0" skipped="0">
  <reporter-output>
  </reporter-output>
  <suite started-at="2024-07-13T09:37:11Z" name="Default suite" finished-at="2024-07-13T09:37:11Z" duration-ms="21">
    <groups>
    </groups>
    <test started-at="2024-07-13T09:37:11Z" name="Default test" finished-at="2024-07-13T09:37:11Z" duration-ms="21">
      <class name="polyhcm.TestVatCalculator">
        <test-method signature="testGetVatOnAmount()[pri:0, instance:polyhcm.TestVatCalculator@76b1e9b8]" started-at="2024-07-13T16:37:11Z" name="testGetVatOnAmount" finished-at="2024-07-13T16:37:11Z" duration-ms="8" status="PASS">
          <reporter-output>
          </reporter-output>
        </test-method> <!-- testGetVatOnAmount -->
      </class> <!-- polyhcm.TestVatCalculator -->
    </test> <!-- Default test -->
  </suite> <!-- Default suite -->
</testng-results>
