<?xml version="1.0" encoding="UTF-8"?>
<testng-results ignored="0" total="1" passed="1" failed="0" skipped="0">
  <reporter-output>
  </reporter-output>
  <suite started-at="2024-08-03T12:31:04 ICT" name="Default suite" finished-at="2024-08-03T12:31:08 ICT" duration-ms="4507">
    <groups>
    </groups>
    <test started-at="2024-08-03T12:31:04 ICT" name="Default test" finished-at="2024-08-03T12:31:08 ICT" duration-ms="4507">
      <class name="fpoly.firsttestngfile">
        <test-method is-config="true" signature="launchBrowser()[pri:0, instance:fpoly.firsttestngfile@4be29ed9]" started-at="2024-08-03T12:31:04 ICT" name="launchBrowser" finished-at="2024-08-03T12:31:08 ICT" duration-ms="4284" status="PASS">
          <reporter-output>
          </reporter-output>
        </test-method> <!-- launchBrowser -->
        <test-method signature="verifyHomepageTitle()[pri:0, instance:fpoly.firsttestngfile@4be29ed9]" started-at="2024-08-03T12:31:08 ICT" name="verifyHomepageTitle" finished-at="2024-08-03T12:31:08 ICT" duration-ms="19" status="PASS">
          <reporter-output>
          </reporter-output>
        </test-method> <!-- verifyHomepageTitle -->
        <test-method is-config="true" signature="terminateBrowser()[pri:0, instance:fpoly.firsttestngfile@4be29ed9]" started-at="2024-08-03T12:31:08 ICT" name="terminateBrowser" finished-at="2024-08-03T12:31:08 ICT" duration-ms="172" status="PASS">
          <reporter-output>
          </reporter-output>
        </test-method> <!-- terminateBrowser -->
      </class> <!-- fpoly.firsttestngfile -->
    </test> <!-- Default test -->
  </suite> <!-- Default suite -->
</testng-results>
