<?xml version="1.0" encoding="UTF-8"?>
<testng-results ignored="0" total="2" passed="2" failed="0" skipped="0">
  <reporter-output>
  </reporter-output>
  <suite started-at="2024-07-23T18:05:44 ICT" name="Feature" finished-at="2024-07-23T18:05:44 ICT" duration-ms="112">
    <groups>
    </groups>
    <test started-at="2024-07-23T18:05:44 ICT" name="UnitLevelTest" finished-at="2024-07-23T18:05:44 ICT" duration-ms="112">
      <class name="fpoly.TestClass">
        <test-method is-config="true" signature="beforeTest()[pri:0, instance:fpoly.TestClass@663c9e7a]" started-at="2024-07-23T18:05:44 ICT" name="beforeTest" finished-at="2024-07-23T18:05:44 ICT" duration-ms="14" status="PASS">
          <reporter-output>
          </reporter-output>
        </test-method> <!-- beforeTest -->
        <test-method is-config="true" signature="beforeClass()[pri:0, instance:fpoly.TestClass@663c9e7a]" started-at="2024-07-23T18:05:44 ICT" name="beforeClass" finished-at="2024-07-23T18:05:44 ICT" duration-ms="1" status="PASS">
          <reporter-output>
          </reporter-output>
        </test-method> <!-- beforeClass -->
        <test-method is-config="true" signature="beforeMethod()[pri:0, instance:fpoly.TestClass@663c9e7a]" started-at="2024-07-23T18:05:44 ICT" name="beforeMethod" finished-at="2024-07-23T18:05:44 ICT" duration-ms="1" status="PASS">
          <reporter-output>
          </reporter-output>
        </test-method> <!-- beforeMethod -->
        <test-method is-config="true" signature="beforeMethodWithParam(java.lang.String)[pri:0, instance:fpoly.TestClass@663c9e7a]" started-at="2024-07-23T18:05:44 ICT" name="beforeMethodWithParam" finished-at="2024-07-23T18:05:44 ICT" duration-ms="5" status="PASS">
          <params>
            <param index="0">
              <value>
                <![CDATA[I am beforeMethod]]>
              </value>
            </param>
          </params>
          <reporter-output>
          </reporter-output>
        </test-method> <!-- beforeMethodWithParam -->
        <test-method is-config="true" signature="staticBeforeMethod()[pri:0, instance:fpoly.TestClass@663c9e7a]" started-at="2024-07-23T18:05:44 ICT" name="staticBeforeMethod" finished-at="2024-07-23T18:05:44 ICT" duration-ms="2" status="PASS">
          <reporter-output>
          </reporter-output>
        </test-method> <!-- staticBeforeMethod -->
        <test-method signature="unitLevel1()[pri:0, instance:fpoly.TestClass@663c9e7a]" started-at="2024-07-23T18:05:44 ICT" name="unitLevel1" finished-at="2024-07-23T18:05:44 ICT" duration-ms="12" status="PASS">
          <reporter-output>
          </reporter-output>
        </test-method> <!-- unitLevel1 -->
        <test-method is-config="true" signature="afterMethod()[pri:0, instance:fpoly.TestClass@663c9e7a]" started-at="2024-07-23T18:05:44 ICT" name="afterMethod" finished-at="2024-07-23T18:05:44 ICT" duration-ms="1" status="PASS">
          <reporter-output>
          </reporter-output>
        </test-method> <!-- afterMethod -->
        <test-method is-config="true" signature="beforeMethod()[pri:0, instance:fpoly.TestClass@663c9e7a]" started-at="2024-07-23T18:05:44 ICT" name="beforeMethod" finished-at="2024-07-23T18:05:44 ICT" duration-ms="0" status="PASS">
          <reporter-output>
          </reporter-output>
        </test-method> <!-- beforeMethod -->
        <test-method is-config="true" signature="beforeMethodWithParam(java.lang.String)[pri:0, instance:fpoly.TestClass@663c9e7a]" started-at="2024-07-23T18:05:44 ICT" name="beforeMethodWithParam" finished-at="2024-07-23T18:05:44 ICT" duration-ms="0" status="PASS">
          <params>
            <param index="0">
              <value>
                <![CDATA[I am beforeMethod]]>
              </value>
            </param>
          </params>
          <reporter-output>
          </reporter-output>
        </test-method> <!-- beforeMethodWithParam -->
        <test-method signature="unitLevel2()[pri:0, instance:fpoly.TestClass@663c9e7a]" started-at="2024-07-23T18:05:44 ICT" name="unitLevel2" finished-at="2024-07-23T18:05:44 ICT" duration-ms="3" status="PASS">
          <reporter-output>
          </reporter-output>
        </test-method> <!-- unitLevel2 -->
        <test-method is-config="true" signature="staticBeforeMethod()[pri:0, instance:fpoly.TestClass@663c9e7a]" started-at="2024-07-23T18:05:44 ICT" name="staticBeforeMethod" finished-at="2024-07-23T18:05:44 ICT" duration-ms="0" status="PASS">
          <reporter-output>
          </reporter-output>
        </test-method> <!-- staticBeforeMethod -->
        <test-method is-config="true" signature="afterMethod()[pri:0, instance:fpoly.TestClass@663c9e7a]" started-at="2024-07-23T18:05:44 ICT" name="afterMethod" finished-at="2024-07-23T18:05:44 ICT" duration-ms="0" status="PASS">
          <reporter-output>
          </reporter-output>
        </test-method> <!-- afterMethod -->
        <test-method is-config="true" signature="afterClass()[pri:0, instance:fpoly.TestClass@663c9e7a]" started-at="2024-07-23T18:05:44 ICT" name="afterClass" finished-at="2024-07-23T18:05:44 ICT" duration-ms="1" status="PASS">
          <reporter-output>
          </reporter-output>
        </test-method> <!-- afterClass -->
        <test-method is-config="true" signature="afterTest()[pri:0, instance:fpoly.TestClass@663c9e7a]" started-at="2024-07-23T18:05:44 ICT" name="afterTest" finished-at="2024-07-23T18:05:44 ICT" duration-ms="1" status="PASS">
          <reporter-output>
          </reporter-output>
        </test-method> <!-- afterTest -->
      </class> <!-- fpoly.TestClass -->
    </test> <!-- UnitLevelTest -->
  </suite> <!-- Feature -->
</testng-results>
