<?xml version="1.0" encoding="UTF-8" ?>
<testsuite tests="48" failures="0" name="DuAn.dao.SuiteClassDAO" time="7.06" errors="0" skipped="1">
  <properties>
[...]
</properties>
  <testcase classname="DuAn.dao.NonDAOTest" name="testGetByThuongHieuNotFound" time="0.995"/>
  <testcase classname="DuAn.dao.NonDAOTest" name="testSelectAll" time="0.267"/>
  <testcase classname="DuAn.dao.NonDAOTest" name="testGenerateNewId" time="0.267"/>
  <testcase classname="DuAn.dao.NonDAOTest" name="testInsertConflict" time="0.278"/>
  <testcase classname="DuAn.dao.NonDAOTest" name="testSelectBySql" time="0.198"/>
  <testcase classname="DuAn.dao.NonDAOTest" name="testGetByLoaiNotFound" time="0.276"/>
  <testcase classname="DuAn.dao.NonDAOTest" name="testDelete" time="0.257"/>
  <testcase classname="DuAn.dao.NonDAOTest" name="testInsert" time="0.29"/>
  <testcase classname="DuAn.dao.NonDAOTest" name="testUpdate" time="0.259"/>
  <testcase classname="DuAn.dao.NonDAOTest" name="testSelectById" time="0.309"/>
  <testcase classname="DuAn.dao.ThuongHieuDAOTest" name="testSelectAll" time="0.031"/>
  <testcase classname="DuAn.dao.ThuongHieuDAOTest" name="testGenerateNewId" time="0.027"/>
  <testcase classname="DuAn.dao.ThuongHieuDAOTest" name="testInsertConflict" time="0.07"/>
  <testcase classname="DuAn.dao.ThuongHieuDAOTest" name="testSelectBySql" time="0.031"/>
  <testcase classname="DuAn.dao.ThuongHieuDAOTest" name="testGetByName" time="0.061"/>
  <testcase classname="DuAn.dao.ThuongHieuDAOTest" name="testDelete" time="0.092"/>
  <testcase classname="DuAn.dao.ThuongHieuDAOTest" name="testInsert" time="0.096"/>
  <testcase classname="DuAn.dao.ThuongHieuDAOTest" name="testUpdate" time="0.133"/>
  <testcase classname="DuAn.dao.ThuongHieuDAOTest" name="testSelectById" time="0.085"/>
  <testcase classname="DuAn.dao.LoaiDAOTest" name="testForceDelete" time="0.096"/>
  <testcase classname="DuAn.dao.LoaiDAOTest" name="testSelectAll" time="0.047"/>
  <testcase classname="DuAn.dao.LoaiDAOTest" name="testGenerateNewId" time="0.046"/>
  <testcase classname="DuAn.dao.LoaiDAOTest" name="testInsertConflict" time="0.082"/>
  <testcase classname="DuAn.dao.LoaiDAOTest" name="testSelectBySql" time="0.08"/>
  <testcase classname="DuAn.dao.LoaiDAOTest" name="testGetByLoai" time="0.18"/>
  <testcase classname="DuAn.dao.LoaiDAOTest" name="testGetByName" time="0.091"/>
  <testcase classname="DuAn.dao.LoaiDAOTest" name="testInsert" time="0.082"/>
  <testcase classname="DuAn.dao.LoaiDAOTest" name="testUpdate" time="0.097"/>
  <testcase classname="DuAn.dao.LoaiDAOTest" name="testSelectById" time="0.092"/>
  <testcase classname="DuAn.dao.KhachHangDAOTest" name="testGetBySDT" time="0.104"/>
  <testcase classname="DuAn.dao.KhachHangDAOTest" name="testSelectAll" time="0.11"/>
  <testcase classname="DuAn.dao.KhachHangDAOTest" name="testGenerateNewId" time="0.031"/>
  <testcase classname="DuAn.dao.KhachHangDAOTest" name="testInsertConflict" time="0.08"/>
  <testcase classname="DuAn.dao.KhachHangDAOTest" name="testSelectBySql" time="0.092"/>
  <testcase classname="DuAn.dao.KhachHangDAOTest" name="testDelete" time="0.084"/>
  <testcase classname="DuAn.dao.KhachHangDAOTest" name="testInsert" time="0.071"/>
  <testcase classname="DuAn.dao.KhachHangDAOTest" name="testUpdate" time="0.127"/>
  <testcase classname="DuAn.dao.KhachHangDAOTest" name="testSelectById" time="0.137"/>
  <testcase classname="DuAn.dao.NhanVienDAOTest" name="testUpdateKhongDoiMatKhau" time="0.138">
    <skipped/>
  </testcase>
  <testcase classname="DuAn.dao.NhanVienDAOTest" name="testSelectAll" time="0.035"/>
  <testcase classname="DuAn.dao.NhanVienDAOTest" name="testGenerateNewId" time="0.031"/>
  <testcase classname="DuAn.dao.NhanVienDAOTest" name="testLayMaQuenMatKhau" time="0.142"/>
  <testcase classname="DuAn.dao.NhanVienDAOTest" name="testSelectBySql" time="0.027"/>
  <testcase classname="DuAn.dao.NhanVienDAOTest" name="testGetByEmail" time="0.143"/>
  <testcase classname="DuAn.dao.NhanVienDAOTest" name="testDelete" time="0.17"/>
  <testcase classname="DuAn.dao.NhanVienDAOTest" name="testInsert" time="0.153"/>
  <testcase classname="DuAn.dao.NhanVienDAOTest" name="testUpdate" time="0.238"/>
  <testcase classname="DuAn.dao.NhanVienDAOTest" name="testSelectById" time="0.232"/>
</testsuite>