<?xml version="1.0" encoding="UTF-8" ?>
<testsuite tests="10" failures="0" name="DuAn.entity.KhachHangTest" time="0.007" errors="0" skipped="0">
  <properties>
[...]
</properties>
  <testcase classname="DuAn.entity.KhachHangTest" name="testSetAndGetTenKhachHang" time="0.006"/>
  <testcase classname="DuAn.entity.KhachHangTest" name="testSetAndGetNgaySinh" time="0"/>
  <testcase classname="DuAn.entity.KhachHangTest" name="testToString" time="0"/>
  <testcase classname="DuAn.entity.KhachHangTest" name="testSetAndGetHinh" time="0"/>
  <testcase classname="DuAn.entity.KhachHangTest" name="testSetAndGetEmail" time="0"/>
  <testcase classname="DuAn.entity.KhachHangTest" name="testSetAndGetNgayGiaNhap" time="0"/>
  <testcase classname="DuAn.entity.KhachHangTest" name="testSetAndGetDeleted" time="0"/>
  <testcase classname="DuAn.entity.KhachHangTest" name="testSetAndGetMaKhachHang" time="0"/>
  <testcase classname="DuAn.entity.KhachHangTest" name="testSetAndGetGioiTinh" time="0.001"/>
  <testcase classname="DuAn.entity.KhachHangTest" name="testSetAndGetSoDienThoai" time="0"/>
</testsuite>