<?xml version="1.0" encoding="UTF-8" ?>
<testsuite tests="101" failures="0" name="SuiteAll" time="8.257" errors="0" skipped="1">
  <properties>
[...]
</properties>
  <testcase classname="DuAn.entity.ThuongHieuTest" name="testToString" time="0.002"/>
  <testcase classname="DuAn.entity.ThuongHieuTest" name="testIsAndSetDeleted" time="0"/>
  <testcase classname="DuAn.entity.ThuongHieuTest" name="testGetAndSetNgayTao" time="0"/>
  <testcase classname="DuAn.entity.ThuongHieuTest" name="testGetAndSetMaThuongHieu" time="0"/>
  <testcase classname="DuAn.entity.ThuongHieuTest" name="testGetAndSetTenThuongHieu" time="0"/>
  <testcase classname="DuAn.entity.ThuongHieuTest" name="testGetAndSetLogo" time="0"/>
  <testcase classname="DuAn.entity.KhachHangTest" name="testSetAndGetTenKhachHang" time="0"/>
  <testcase classname="DuAn.entity.KhachHangTest" name="testSetAndGetNgaySinh" time="0"/>
  <testcase classname="DuAn.entity.KhachHangTest" name="testToString" time="0"/>
  <testcase classname="DuAn.entity.KhachHangTest" name="testSetAndGetHinh" time="0"/>
  <testcase classname="DuAn.entity.KhachHangTest" name="testSetAndGetEmail" time="0"/>
  <testcase classname="DuAn.entity.KhachHangTest" name="testSetAndGetNgayGiaNhap" time="0"/>
  <testcase classname="DuAn.entity.KhachHangTest" name="testSetAndGetDeleted" time="0"/>
  <testcase classname="DuAn.entity.KhachHangTest" name="testSetAndGetMaKhachHang" time="0"/>
  <testcase classname="DuAn.entity.KhachHangTest" name="testSetAndGetGioiTinh" time="0"/>
  <testcase classname="DuAn.entity.KhachHangTest" name="testSetAndGetSoDienThoai" time="0.008"/>
  <testcase classname="DuAn.entity.NonTest" name="testToString" time="0.005"/>
  <testcase classname="DuAn.entity.NonTest" name="testIsAndSetDeleted" time="0"/>
  <testcase classname="DuAn.entity.NonTest" name="testGetAndSetNgayTao" time="0.001"/>
  <testcase classname="DuAn.entity.NonTest" name="testGetAndSetMaThuongHieu" time="0"/>
  <testcase classname="DuAn.entity.NonTest" name="testGetAndSetSoLuong" time="0"/>
  <testcase classname="DuAn.entity.NonTest" name="testGetAndSetHinh" time="0"/>
  <testcase classname="DuAn.entity.NonTest" name="testGetAndSetMaNon" time="0.001"/>
  <testcase classname="DuAn.entity.NonTest" name="testGetAndSetMaLoai" time="0"/>
  <testcase classname="DuAn.entity.NonTest" name="testGetAndSetTenNon" time="0"/>
  <testcase classname="DuAn.entity.NonTest" name="testGetAndSetGia" time="0.001"/>
  <testcase classname="DuAn.entity.NonTest" name="testGetAndSetGiamGia" time="0"/>
  <testcase classname="DuAn.entity.LoaiTest" name="testGetTenLoai" time="0"/>
  <testcase classname="DuAn.entity.LoaiTest" name="testToString" time="0"/>
  <testcase classname="DuAn.entity.LoaiTest" name="testSetDeleted" time="0.001"/>
  <testcase classname="DuAn.entity.LoaiTest" name="testSetTenLoai" time="0"/>
  <testcase classname="DuAn.entity.LoaiTest" name="testSetMaLoai" time="0"/>
  <testcase classname="DuAn.entity.LoaiTest" name="testGetMaLoai" time="0"/>
  <testcase classname="DuAn.entity.LoaiTest" name="testIsDeleted" time="0"/>
  <testcase classname="DuAn.entity.NhanVienTest" name="testGetEmail" time="0"/>
  <testcase classname="DuAn.entity.NhanVienTest" name="testGetHoTen" time="0"/>
  <testcase classname="DuAn.entity.NhanVienTest" name="testSetMatKhau" time="0"/>
  <testcase classname="DuAn.entity.NhanVienTest" name="testToString" time="0.001"/>
  <testcase classname="DuAn.entity.NhanVienTest" name="testSetDeleted" time="0"/>
  <testcase classname="DuAn.entity.NhanVienTest" name="testGetHinh" time="0"/>
  <testcase classname="DuAn.entity.NhanVienTest" name="testGetMaNV" time="0"/>
  <testcase classname="DuAn.entity.NhanVienTest" name="testIsVaiTro" time="0"/>
  <testcase classname="DuAn.entity.NhanVienTest" name="testGetMatKhau" time="0"/>
  <testcase classname="DuAn.entity.NhanVienTest" name="testSetVaiTro" time="0"/>
  <testcase classname="DuAn.entity.NhanVienTest" name="testGetOtp" time="0"/>
  <testcase classname="DuAn.entity.NhanVienTest" name="testGetSdt" time="0.001"/>
  <testcase classname="DuAn.entity.NhanVienTest" name="testSetHinh" time="0"/>
  <testcase classname="DuAn.entity.NhanVienTest" name="testSetMaNV" time="0"/>
  <testcase classname="DuAn.entity.NhanVienTest" name="testIsDeleted" time="0"/>
  <testcase classname="DuAn.entity.NhanVienTest" name="testSetOtp" time="0"/>
  <testcase classname="DuAn.entity.NhanVienTest" name="testSetSdt" time="0"/>
  <testcase classname="DuAn.entity.NhanVienTest" name="testSetEmail" time="0"/>
  <testcase classname="DuAn.entity.NhanVienTest" name="testSetHoTen" time="0"/>
  <testcase classname="DuAn.dao.NonDAOTest" name="testGetByThuongHieuNotFound" time="0.95"/>
  <testcase classname="DuAn.dao.NonDAOTest" name="testSelectAll" time="0.278"/>
  <testcase classname="DuAn.dao.NonDAOTest" name="testGenerateNewId" time="0.258"/>
  <testcase classname="DuAn.dao.NonDAOTest" name="testInsertConflict" time="0.348"/>
  <testcase classname="DuAn.dao.NonDAOTest" name="testSelectBySql" time="0.261"/>
  <testcase classname="DuAn.dao.NonDAOTest" name="testGetByLoaiNotFound" time="0.245"/>
  <testcase classname="DuAn.dao.NonDAOTest" name="testDelete" time="0.35"/>
  <testcase classname="DuAn.dao.NonDAOTest" name="testInsert" time="0.275"/>
  <testcase classname="DuAn.dao.NonDAOTest" name="testUpdate" time="0.404"/>
  <testcase classname="DuAn.dao.NonDAOTest" name="testSelectById" time="0.314"/>
  <testcase classname="DuAn.dao.ThuongHieuDAOTest" name="testSelectAll" time="0.04"/>
  <testcase classname="DuAn.dao.ThuongHieuDAOTest" name="testGenerateNewId" time="0.046"/>
  <testcase classname="DuAn.dao.ThuongHieuDAOTest" name="testInsertConflict" time="0.117"/>
  <testcase classname="DuAn.dao.ThuongHieuDAOTest" name="testSelectBySql" time="0.037"/>
  <testcase classname="DuAn.dao.ThuongHieuDAOTest" name="testGetByName" time="0.1"/>
  <testcase classname="DuAn.dao.ThuongHieuDAOTest" name="testDelete" time="0.107"/>
  <testcase classname="DuAn.dao.ThuongHieuDAOTest" name="testInsert" time="0.115"/>
  <testcase classname="DuAn.dao.ThuongHieuDAOTest" name="testUpdate" time="0.143"/>
  <testcase classname="DuAn.dao.ThuongHieuDAOTest" name="testSelectById" time="0.115"/>
  <testcase classname="DuAn.dao.LoaiDAOTest" name="testForceDelete" time="0.138"/>
  <testcase classname="DuAn.dao.LoaiDAOTest" name="testSelectAll" time="0.069"/>
  <testcase classname="DuAn.dao.LoaiDAOTest" name="testGenerateNewId" time="0.052"/>
  <testcase classname="DuAn.dao.LoaiDAOTest" name="testInsertConflict" time="0.118"/>
  <testcase classname="DuAn.dao.LoaiDAOTest" name="testSelectBySql" time="0.125"/>
  <testcase classname="DuAn.dao.LoaiDAOTest" name="testGetByLoai" time="0.15"/>
  <testcase classname="DuAn.dao.LoaiDAOTest" name="testGetByName" time="0.14"/>
  <testcase classname="DuAn.dao.LoaiDAOTest" name="testInsert" time="0.123"/>
  <testcase classname="DuAn.dao.LoaiDAOTest" name="testUpdate" time="0.15"/>
  <testcase classname="DuAn.dao.LoaiDAOTest" name="testSelectById" time="0.164"/>
  <testcase classname="DuAn.dao.KhachHangDAOTest" name="testGetBySDT" time="0.111"/>
  <testcase classname="DuAn.dao.KhachHangDAOTest" name="testSelectAll" time="0.121"/>
  <testcase classname="DuAn.dao.KhachHangDAOTest" name="testGenerateNewId" time="0.042"/>
  <testcase classname="DuAn.dao.KhachHangDAOTest" name="testInsertConflict" time="0.097"/>
  <testcase classname="DuAn.dao.KhachHangDAOTest" name="testSelectBySql" time="0.125"/>
  <testcase classname="DuAn.dao.KhachHangDAOTest" name="testDelete" time="0.112"/>
  <testcase classname="DuAn.dao.KhachHangDAOTest" name="testInsert" time="0.1"/>
  <testcase classname="DuAn.dao.KhachHangDAOTest" name="testUpdate" time="0.159"/>
  <testcase classname="DuAn.dao.KhachHangDAOTest" name="testSelectById" time="0.145"/>
  <testcase classname="DuAn.dao.NhanVienDAOTest" name="testUpdateKhongDoiMatKhau" time="0.147">
    <skipped/>
  </testcase>
  <testcase classname="DuAn.dao.NhanVienDAOTest" name="testSelectAll" time="0.055"/>
  <testcase classname="DuAn.dao.NhanVienDAOTest" name="testGenerateNewId" time="0.051"/>
  <testcase classname="DuAn.dao.NhanVienDAOTest" name="testLayMaQuenMatKhau" time="0.172"/>
  <testcase classname="DuAn.dao.NhanVienDAOTest" name="testSelectBySql" time="0.043"/>
  <testcase classname="DuAn.dao.NhanVienDAOTest" name="testGetByEmail" time="0.154"/>
  <testcase classname="DuAn.dao.NhanVienDAOTest" name="testDelete" time="0.17"/>
  <testcase classname="DuAn.dao.NhanVienDAOTest" name="testInsert" time="0.187"/>
  <testcase classname="DuAn.dao.NhanVienDAOTest" name="testUpdate" time="0.32"/>
  <testcase classname="DuAn.dao.NhanVienDAOTest" name="testSelectById" time="0.193"/>
</testsuite>