<?xml version="1.0" encoding="UTF-8"?>
<!-- Generated by org.testng.reporters.JUnitXMLReporter -->
<testsuite ignored="0" hostname="God" failures="0" tests="13" name="Default test" time="14.56" errors="0" timestamp="2024-08-03T12:37:41 ICT">
  <testcase classname="lab8.TestSauceDemo" name="checkTitle" time="0.014"/>
  <testcase classname="lab8.TestSauceDemo" name="testLogin" time="0.302"/>
  <testcase classname="lab8.TestSauceDemo" name="testLoginerror_user" time="0.281"/>
  <testcase classname="lab8.TestSauceDemo" name="testLoginlocked_out_user" time="0.257"/>
  <testcase classname="lab8.TestSauceDemo" name="testLoginperformance_glitch_user" time="5.267"/>
  <testcase classname="lab8.TestSauceDemo" name="testLoginproblem_user" time="0.258"/>
  <testcase classname="lab8.TestSauceDemo" name="testLoginvisual_user" time="0.218"/>
  <testcase classname="lab8.TestSauceDemo" name="testWithWrongPassworderror_user" time="0.228"/>
  <testcase classname="lab8.TestSauceDemo" name="testWithWrongPasswordlocked_out_user" time="0.201"/>
  <testcase classname="lab8.TestSauceDemo" name="testWithWrongPasswordperformance_glitch_user" time="0.22"/>
  <testcase classname="lab8.TestSauceDemo" name="testWithWrongPasswordproblem_user" time="0.218"/>
  <testcase classname="lab8.TestSauceDemo" name="testWithWrongPasswordstandarduser" time="0.213"/>
  <testcase classname="lab8.TestSauceDemo" name="testWithWrongPasswordvisual_user" time="0.22"/>
</testsuite> <!-- Default test -->
