<?xml version="1.0" encoding="UTF-8"?>
<!-- Generated by org.testng.reporters.JUnitXMLReporter -->
<testsuite ignored="0" hostname="god" failures="0" tests="4" name="Regression suite 1" time="0.248" errors="0" timestamp="2024-07-23T17:28:15 ICT">
  <testcase classname="fpoly.DemoOne" name="firstTestCase" time="0.045"/>
  <testcase classname="fpoly.DemoOne" name="secondTestCase" time="0.006"/>
  <testcase classname="fpoly.DemoTwo" name="firstTestCase" time="0.004"/>
  <testcase classname="fpoly.DemoTwo" name="secondTestCase" time="0.008"/>
</testsuite> <!-- Regression suite 1 -->
