<?xml version="1.0" encoding="UTF-8"?>
<testng-results ignored="0" total="3" passed="3" failed="0" skipped="0">
  <reporter-output>
  </reporter-output>
  <suite started-at="2024-07-23T17:35:23 ICT" name="Sample Suite" finished-at="2024-07-23T17:35:23 ICT" duration-ms="84">
    <groups>
      <group name="Regression">
        <method signature="groupExamples.testCaseFour()[pri:0, instance:poly.groupExamples@25641d39]" name="testCaseFour" class="poly.groupExamples"/>
        <method signature="groupExamples.testCaseOne()[pri:0, instance:poly.groupExamples@25641d39]" name="testCaseOne" class="poly.groupExamples"/>
        <method signature="groupExamples.testCaseTwo()[pri:0, instance:poly.groupExamples@25641d39]" name="testCaseTwo" class="poly.groupExamples"/>
      </group> <!-- Regression -->
    </groups>
    <test started-at="2024-07-23T17:35:23 ICT" name="testing" finished-at="2024-07-23T17:35:23 ICT" duration-ms="84">
      <class name="poly.groupExamples">
        <test-method signature="testCaseFour()[pri:0, instance:poly.groupExamples@25641d39]" started-at="2024-07-23T17:35:23 ICT" name="testCaseFour" finished-at="2024-07-23T17:35:23 ICT" duration-ms="15" status="PASS">
          <reporter-output>
          </reporter-output>
        </test-method> <!-- testCaseFour -->
        <test-method signature="testCaseOne()[pri:0, instance:poly.groupExamples@25641d39]" started-at="2024-07-23T17:35:23 ICT" name="testCaseOne" finished-at="2024-07-23T17:35:23 ICT" duration-ms="3" status="PASS">
          <reporter-output>
          </reporter-output>
        </test-method> <!-- testCaseOne -->
        <test-method signature="testCaseTwo()[pri:0, instance:poly.groupExamples@25641d39]" started-at="2024-07-23T17:35:23 ICT" name="testCaseTwo" finished-at="2024-07-23T17:35:23 ICT" duration-ms="2" status="PASS">
          <reporter-output>
          </reporter-output>
        </test-method> <!-- testCaseTwo -->
      </class> <!-- poly.groupExamples -->
    </test> <!-- testing -->
  </suite> <!-- Sample Suite -->
</testng-results>
