<?xml version="1.0" encoding="UTF-8"?>
<testng-results ignored="0" total="1" passed="1" failed="0" skipped="0">
  <reporter-output>
  </reporter-output>
  <suite started-at="2024-08-03T12:28:22 ICT" name="Default suite" finished-at="2024-08-03T12:28:25 ICT" duration-ms="2705">
    <groups>
    </groups>
    <test started-at="2024-08-03T12:28:22 ICT" name="Default test" finished-at="2024-08-03T12:28:25 ICT" duration-ms="2705">
      <class name="lab5.fpoly">
        <test-method signature="verifyHomepageTitle()[pri:0, instance:lab5.fpoly@2794eab6]" started-at="2024-08-03T12:28:22 ICT" name="verifyHomepageTitle" finished-at="2024-08-03T12:28:25 ICT" duration-ms="2659" status="PASS">
          <reporter-output>
          </reporter-output>
        </test-method> <!-- verifyHomepageTitle -->
      </class> <!-- lab5.fpoly -->
    </test> <!-- Default test -->
  </suite> <!-- Default suite -->
</testng-results>
