<?xml version="1.0" encoding="UTF-8"?>
<testng-results ignored="0" total="1" passed="1" failed="0" skipped="0">
  <reporter-output>
  </reporter-output>
  <suite started-at="2024-07-13T16:30:34 ICT" name="Default suite" finished-at="2024-07-13T16:30:34 ICT" duration-ms="30">
    <groups>
    </groups>
    <test started-at="2024-07-13T16:30:34 ICT" name="Default test" finished-at="2024-07-13T16:30:34 ICT" duration-ms="30">
      <class name="firsttestngpackage.FirstTestNGFile">
        <test-method signature="f()[pri:0, instance:firsttestngpackage.FirstTestNGFile@2f7c2f4f]" started-at="2024-07-13T16:30:34 ICT" name="f" finished-at="2024-07-13T16:30:34 ICT" duration-ms="6" status="PASS">
          <reporter-output>
          </reporter-output>
        </test-method> <!-- f -->
      </class> <!-- firsttestngpackage.FirstTestNGFile -->
    </test> <!-- Default test -->
  </suite> <!-- Default suite -->
</testng-results>
