<?xml version="1.0" encoding="UTF-8"?>
<testng-results ignored="0" total="1" passed="1" failed="0" skipped="0">
  <reporter-output>
  </reporter-output>
  <suite started-at="2024-08-06T17:44:26 ICT" name="Default suite" finished-at="2024-08-06T17:44:43 ICT" duration-ms="17244">
    <groups>
    </groups>
    <test started-at="2024-08-06T17:44:26 ICT" name="Default test" finished-at="2024-08-06T17:44:43 ICT" duration-ms="17244">
      <class name="test.Amazon">
        <test-method is-config="true" signature="setup()[pri:0, instance:test.Amazon@7bba5817]" started-at="2024-08-06T17:44:26 ICT" name="setup" finished-at="2024-08-06T17:44:29 ICT" duration-ms="2744" status="PASS">
          <reporter-output>
          </reporter-output>
        </test-method> <!-- setup -->
        <test-method is-config="true" signature="before()[pri:0, instance:test.Amazon@7bba5817]" started-at="2024-08-06T17:44:29 ICT" name="before" finished-at="2024-08-06T17:44:38 ICT" duration-ms="9462" status="PASS">
          <reporter-output>
          </reporter-output>
        </test-method> <!-- before -->
        <test-method signature="testSearch()[pri:0, instance:test.Amazon@7bba5817]" started-at="2024-08-06T17:44:38 ICT" name="testSearch" finished-at="2024-08-06T17:44:43 ICT" duration-ms="4734" status="PASS">
          <reporter-output>
          </reporter-output>
        </test-method> <!-- testSearch -->
        <test-method is-config="true" signature="afterMethod()[pri:0, instance:test.Amazon@7bba5817]" started-at="2024-08-06T17:44:43 ICT" name="afterMethod" finished-at="2024-08-06T17:44:43 ICT" duration-ms="281" status="PASS">
          <reporter-output>
          </reporter-output>
        </test-method> <!-- afterMethod -->
      </class> <!-- test.Amazon -->
    </test> <!-- Default test -->
  </suite> <!-- Default suite -->
</testng-results>
