<?xml version="1.0" encoding="UTF-8"?>
<!-- Generated by org.testng.reporters.JUnitXMLReporter -->
<testsuite ignored="1" hostname="god" failures="0" tests="3" name="testing" time="0.084" errors="0" timestamp="2024-07-23T17:35:23 ICT">
  <testcase classname="poly.groupExamples" name="testCaseFour" time="0.015"/>
  <testcase classname="poly.groupExamples" name="testCaseOne" time="0.003"/>
  <testcase classname="poly.groupExamples" name="testCaseTwo" time="0.002"/>
  <testcase classname="poly.groupExamples" name="testCaseThree" time="0.0">
    <ignored/>
  </testcase> <!-- testCaseThree -->
</testsuite> <!-- testing -->
